<?xml version="1.0" encoding="UTF-8"?>
<!-- Generated by org.testng.reporters.JUnitReportReporter -->
<testsuite skipped="0" hostname="ATMECSINDT-080" name="com.org.task1.testbase.InvokeBrowser" tests="1" failures="0" timestamp="14 Nov 2019 06:41:05 GMT" time="18.813" errors="0">
  <testcase name="setup" time="18.813" classname="com.org.task1.testbase.InvokeBrowser"/>
</testsuite> <!-- com.org.task1.testbase.InvokeBrowser -->
