<?xml version="1.0" encoding="UTF-8"?>
<!-- Generated by org.testng.reporters.JUnitReportReporter -->
<testsuite skipped="0" hostname="ATMECSINDT-080" name="com.org.task1.testscripts.Homepage" tests="1" failures="0" timestamp="14 Nov 2019 06:59:39 GMT" time="0.137" errors="0">
  <testcase name="clickSearchButton" time="0.137" classname="com.org.task1.testscripts.Homepage"/>
</testsuite> <!-- com.org.task1.testscripts.Homepage -->
