<?xml version="1.0" encoding="UTF-8"?>
<!-- Generated by org.testng.reporters.JUnitReportReporter -->
<testsuite skipped="0" hostname="ATMECSINDT-080" name="com.org.task1.testscripts.CartActions" tests="2" failures="0" timestamp="15 Nov 2019 13:27:51 GMT" time="8.251" errors="0">
  <testcase name="enterData" time="8.070" classname="com.org.task1.testscripts.CartActions"/>
  <testcase name="clickSearchButton" time="0.181" classname="com.org.task1.testscripts.CartActions"/>
</testsuite> <!-- com.org.task1.testscripts.CartActions -->
